The target system is: Darwin - 12.1 - 
The host system is: Darwin - 17.7.0 - x86_64
Compiling the C compiler identification source file "CMakeCCompilerId.c" succeeded.
Compiler: /Applications/Xcode.app/Contents/Developer/Toolchains/XcodeDefault.xctoolchain/usr/bin/clang 
Build flags: -miphoneos-version-min=10.0;-fobjc-abi-version=2;-fobjc-arc;
Id flags:  

The output was:
0
ld: warning: text-based stub file /System/Library/Frameworks//Foundation.framework/Foundation.tbd and library file /System/Library/Frameworks//Foundation.framework/Foundation are out of sync. Falling back to library file for linking.
ld: warning: URGENT: building for iOS Simulator simulator, but linking against dylib (/System/Library/Frameworks//Foundation.framework/Foundation) built for macOS. Note: This will be an error in the future.
ld: warning: URGENT: building for iOS Simulator simulator, but linking against dylib (/usr/lib/libSystem.dylib) built for macOS. Note: This will be an error in the future.
ld: warning: URGENT: building for iOS Simulator simulator, but linking against dylib (/usr/lib/libobjc.dylib) built for macOS. Note: This will be an error in the future.
ld: warning: text-based stub file /System/Library/Frameworks//CoreFoundation.framework/Versions/A/CoreFoundation.tbd and library file /System/Library/Frameworks//CoreFoundation.framework/Versions/A/CoreFoundation are out of sync. Falling back to library file for linking.


Compilation of the C compiler identification source "CMakeCCompilerId.c" produced "a.out"

The C compiler identification is AppleClang, found in "/Users/abilican/Documents/projects/perso/elastos/react-native-elastos-wallet-core/Elastos.ELA.SPV.Cpp/cmake-build-ios/CMakeFiles/3.10.1/CompilerIdC/a.out"

Compiling the CXX compiler identification source file "CMakeCXXCompilerId.cpp" succeeded.
Compiler: /Applications/Xcode.app/Contents/Developer/Toolchains/XcodeDefault.xctoolchain/usr/bin/clang++ 
Build flags: -miphoneos-version-min=10.0;-fvisibility=hidden;-fvisibility-inlines-hidden;-fobjc-abi-version=2;-fobjc-arc;
Id flags:  

The output was:
0
ld: warning: text-based stub file /System/Library/Frameworks//Foundation.framework/Foundation.tbd and library file /System/Library/Frameworks//Foundation.framework/Foundation are out of sync. Falling back to library file for linking.
ld: warning: ld: warning: URGENT: building for iOS Simulator simulator, but linking against dylib (/System/Library/Frameworks//Foundation.framework/Foundation) built for macOS. Note: This will be an error in the future.URGENT: building for iOS Simulator simulator, but linking against dylib (/usr/lib/libobjc.dylib) built for macOS. Note: This will be an error in the future.

ld: warning: URGENT: building for iOS Simulator simulator, but linking against dylib (/usr/lib/libSystem.dylib) built for macOS. Note: This will be an error in the future.
ld: warning: URGENT: building for iOS Simulator simulator, but linking against dylib (/usr/lib/libc++.dylib) built for macOS. Note: This will be an error in the future.
ld: warning: text-based stub file /System/Library/Frameworks//CoreFoundation.framework/Versions/A/CoreFoundation.tbd and library file /System/Library/Frameworks//CoreFoundation.framework/Versions/A/CoreFoundation are out of sync. Falling back to library file for linking.


Compilation of the CXX compiler identification source "CMakeCXXCompilerId.cpp" produced "a.out"

The CXX compiler identification is AppleClang, found in "/Users/abilican/Documents/projects/perso/elastos/react-native-elastos-wallet-core/Elastos.ELA.SPV.Cpp/cmake-build-ios/CMakeFiles/3.10.1/CompilerIdCXX/a.out"

Performing C++ SOURCE FILE Test FRUIT_TRIVIAL_SOURCE_COMPILES succeeded with the following output:
Change Dir: /Users/abilican/Documents/projects/perso/elastos/react-native-elastos-wallet-core/Elastos.ELA.SPV.Cpp/cmake-build-ios/CMakeFiles/CMakeTmp

Run Build Command:"/Applications/Xcode.app/Contents/Developer/usr/bin/make" "cmTC_b3d6d/fast"
/Applications/Xcode.app/Contents/Developer/usr/bin/make -f CMakeFiles/cmTC_b3d6d.dir/build.make CMakeFiles/cmTC_b3d6d.dir/build
Building CXX object CMakeFiles/cmTC_b3d6d.dir/src.cxx.o
/Applications/Xcode.app/Contents/Developer/Toolchains/XcodeDefault.xctoolchain/usr/bin/clang++    -miphoneos-version-min=10.0 -fvisibility=hidden -fvisibility-inlines-hidden -fobjc-abi-version=2 -fobjc-arc  -DFRUIT_TRIVIAL_SOURCE_COMPILES -miphoneos-version-min=10.0 -fvisibility=hidden -fvisibility-inlines-hidden -fobjc-abi-version=2 -fobjc-arc  -O3 -DNDEBUG  -std=c++11 -W -Wall -Wno-unknown-warning-option -Wno-missing-braces -arch armv7 -arch arm64 -isysroot /Applications/Xcode.app/Contents/Developer/Platforms/iPhoneOS.platform/Developer/SDKs/iPhoneOS12.1.sdk   -o CMakeFiles/cmTC_b3d6d.dir/src.cxx.o -c /Users/abilican/Documents/projects/perso/elastos/react-native-elastos-wallet-core/Elastos.ELA.SPV.Cpp/cmake-build-ios/CMakeFiles/CMakeTmp/src.cxx
Linking CXX executable cmTC_b3d6d
/usr/local/Cellar/cmake/3.10.1/bin/cmake -E cmake_link_script CMakeFiles/cmTC_b3d6d.dir/link.txt --verbose=1
/Applications/Xcode.app/Contents/Developer/Toolchains/XcodeDefault.xctoolchain/usr/bin/clang++  -miphoneos-version-min=10.0 -fvisibility=hidden -fvisibility-inlines-hidden -fobjc-abi-version=2 -fobjc-arc  -DFRUIT_TRIVIAL_SOURCE_COMPILES -miphoneos-version-min=10.0 -fvisibility=hidden -fvisibility-inlines-hidden -fobjc-abi-version=2 -fobjc-arc  -O3 -DNDEBUG  -std=c++11 -W -Wall -Wno-unknown-warning-option -Wno-missing-braces -arch armv7 -arch arm64 -isysroot /Applications/Xcode.app/Contents/Developer/Platforms/iPhoneOS.platform/Developer/SDKs/iPhoneOS12.1.sdk -Wl,-search_paths_first -Wl,-headerpad_max_install_names   CMakeFiles/cmTC_b3d6d.dir/src.cxx.o  -o cmTC_b3d6d 

Source file was:

int main() {}

Performing C++ SOURCE FILE Test FRUIT_HAS_HAS_TRIVIAL_COPY succeeded with the following output:
Change Dir: /Users/abilican/Documents/projects/perso/elastos/react-native-elastos-wallet-core/Elastos.ELA.SPV.Cpp/cmake-build-ios/CMakeFiles/CMakeTmp

Run Build Command:"/Applications/Xcode.app/Contents/Developer/usr/bin/make" "cmTC_b7d46/fast"
/Applications/Xcode.app/Contents/Developer/usr/bin/make -f CMakeFiles/cmTC_b7d46.dir/build.make CMakeFiles/cmTC_b7d46.dir/build
Building CXX object CMakeFiles/cmTC_b7d46.dir/src.cxx.o
/Applications/Xcode.app/Contents/Developer/Toolchains/XcodeDefault.xctoolchain/usr/bin/clang++    -miphoneos-version-min=10.0 -fvisibility=hidden -fvisibility-inlines-hidden -fobjc-abi-version=2 -fobjc-arc  -DFRUIT_HAS_HAS_TRIVIAL_COPY -miphoneos-version-min=10.0 -fvisibility=hidden -fvisibility-inlines-hidden -fobjc-abi-version=2 -fobjc-arc  -O3 -DNDEBUG  -std=c++11 -W -Wall -Wno-unknown-warning-option -Wno-missing-braces -arch armv7 -arch arm64 -isysroot /Applications/Xcode.app/Contents/Developer/Platforms/iPhoneOS.platform/Developer/SDKs/iPhoneOS12.1.sdk   -o CMakeFiles/cmTC_b7d46.dir/src.cxx.o -c /Users/abilican/Documents/projects/perso/elastos/react-native-elastos-wallet-core/Elastos.ELA.SPV.Cpp/cmake-build-ios/CMakeFiles/CMakeTmp/src.cxx
Linking CXX executable cmTC_b7d46
/usr/local/Cellar/cmake/3.10.1/bin/cmake -E cmake_link_script CMakeFiles/cmTC_b7d46.dir/link.txt --verbose=1
/Applications/Xcode.app/Contents/Developer/Toolchains/XcodeDefault.xctoolchain/usr/bin/clang++  -miphoneos-version-min=10.0 -fvisibility=hidden -fvisibility-inlines-hidden -fobjc-abi-version=2 -fobjc-arc  -DFRUIT_HAS_HAS_TRIVIAL_COPY -miphoneos-version-min=10.0 -fvisibility=hidden -fvisibility-inlines-hidden -fobjc-abi-version=2 -fobjc-arc  -O3 -DNDEBUG  -std=c++11 -W -Wall -Wno-unknown-warning-option -Wno-missing-braces -arch armv7 -arch arm64 -isysroot /Applications/Xcode.app/Contents/Developer/Platforms/iPhoneOS.platform/Developer/SDKs/iPhoneOS12.1.sdk -Wl,-search_paths_first -Wl,-headerpad_max_install_names   CMakeFiles/cmTC_b7d46.dir/src.cxx.o  -o cmTC_b7d46 

Source file was:

int main() {
  bool b = __has_trivial_copy(int);
  (void) b;
  return 0;
}

Performing C++ SOURCE FILE Test FRUIT_HAS_IS_TRIVIALLY_COPYABLE succeeded with the following output:
Change Dir: /Users/abilican/Documents/projects/perso/elastos/react-native-elastos-wallet-core/Elastos.ELA.SPV.Cpp/cmake-build-ios/CMakeFiles/CMakeTmp

Run Build Command:"/Applications/Xcode.app/Contents/Developer/usr/bin/make" "cmTC_7cb99/fast"
/Applications/Xcode.app/Contents/Developer/usr/bin/make -f CMakeFiles/cmTC_7cb99.dir/build.make CMakeFiles/cmTC_7cb99.dir/build
Building CXX object CMakeFiles/cmTC_7cb99.dir/src.cxx.o
/Applications/Xcode.app/Contents/Developer/Toolchains/XcodeDefault.xctoolchain/usr/bin/clang++    -miphoneos-version-min=10.0 -fvisibility=hidden -fvisibility-inlines-hidden -fobjc-abi-version=2 -fobjc-arc  -DFRUIT_HAS_IS_TRIVIALLY_COPYABLE -miphoneos-version-min=10.0 -fvisibility=hidden -fvisibility-inlines-hidden -fobjc-abi-version=2 -fobjc-arc  -O3 -DNDEBUG  -std=c++11 -W -Wall -Wno-unknown-warning-option -Wno-missing-braces -arch armv7 -arch arm64 -isysroot /Applications/Xcode.app/Contents/Developer/Platforms/iPhoneOS.platform/Developer/SDKs/iPhoneOS12.1.sdk   -o CMakeFiles/cmTC_7cb99.dir/src.cxx.o -c /Users/abilican/Documents/projects/perso/elastos/react-native-elastos-wallet-core/Elastos.ELA.SPV.Cpp/cmake-build-ios/CMakeFiles/CMakeTmp/src.cxx
Linking CXX executable cmTC_7cb99
/usr/local/Cellar/cmake/3.10.1/bin/cmake -E cmake_link_script CMakeFiles/cmTC_7cb99.dir/link.txt --verbose=1
/Applications/Xcode.app/Contents/Developer/Toolchains/XcodeDefault.xctoolchain/usr/bin/clang++  -miphoneos-version-min=10.0 -fvisibility=hidden -fvisibility-inlines-hidden -fobjc-abi-version=2 -fobjc-arc  -DFRUIT_HAS_IS_TRIVIALLY_COPYABLE -miphoneos-version-min=10.0 -fvisibility=hidden -fvisibility-inlines-hidden -fobjc-abi-version=2 -fobjc-arc  -O3 -DNDEBUG  -std=c++11 -W -Wall -Wno-unknown-warning-option -Wno-missing-braces -arch armv7 -arch arm64 -isysroot /Applications/Xcode.app/Contents/Developer/Platforms/iPhoneOS.platform/Developer/SDKs/iPhoneOS12.1.sdk -Wl,-search_paths_first -Wl,-headerpad_max_install_names   CMakeFiles/cmTC_7cb99.dir/src.cxx.o  -o cmTC_7cb99 

Source file was:

int main() {
  bool b = __is_trivially_copyable(int);
  (void) b;
  return 0;
}

Performing C++ SOURCE FILE Test FRUIT_HAS_MAX_ALIGN_T succeeded with the following output:
Change Dir: /Users/abilican/Documents/projects/perso/elastos/react-native-elastos-wallet-core/Elastos.ELA.SPV.Cpp/cmake-build-ios/CMakeFiles/CMakeTmp

Run Build Command:"/Applications/Xcode.app/Contents/Developer/usr/bin/make" "cmTC_c1599/fast"
/Applications/Xcode.app/Contents/Developer/usr/bin/make -f CMakeFiles/cmTC_c1599.dir/build.make CMakeFiles/cmTC_c1599.dir/build
Building CXX object CMakeFiles/cmTC_c1599.dir/src.cxx.o
/Applications/Xcode.app/Contents/Developer/Toolchains/XcodeDefault.xctoolchain/usr/bin/clang++    -miphoneos-version-min=10.0 -fvisibility=hidden -fvisibility-inlines-hidden -fobjc-abi-version=2 -fobjc-arc  -DFRUIT_HAS_MAX_ALIGN_T -miphoneos-version-min=10.0 -fvisibility=hidden -fvisibility-inlines-hidden -fobjc-abi-version=2 -fobjc-arc  -O3 -DNDEBUG  -std=c++11 -W -Wall -Wno-unknown-warning-option -Wno-missing-braces -arch armv7 -arch arm64 -isysroot /Applications/Xcode.app/Contents/Developer/Platforms/iPhoneOS.platform/Developer/SDKs/iPhoneOS12.1.sdk   -o CMakeFiles/cmTC_c1599.dir/src.cxx.o -c /Users/abilican/Documents/projects/perso/elastos/react-native-elastos-wallet-core/Elastos.ELA.SPV.Cpp/cmake-build-ios/CMakeFiles/CMakeTmp/src.cxx
Linking CXX executable cmTC_c1599
/usr/local/Cellar/cmake/3.10.1/bin/cmake -E cmake_link_script CMakeFiles/cmTC_c1599.dir/link.txt --verbose=1
/Applications/Xcode.app/Contents/Developer/Toolchains/XcodeDefault.xctoolchain/usr/bin/clang++  -miphoneos-version-min=10.0 -fvisibility=hidden -fvisibility-inlines-hidden -fobjc-abi-version=2 -fobjc-arc  -DFRUIT_HAS_MAX_ALIGN_T -miphoneos-version-min=10.0 -fvisibility=hidden -fvisibility-inlines-hidden -fobjc-abi-version=2 -fobjc-arc  -O3 -DNDEBUG  -std=c++11 -W -Wall -Wno-unknown-warning-option -Wno-missing-braces -arch armv7 -arch arm64 -isysroot /Applications/Xcode.app/Contents/Developer/Platforms/iPhoneOS.platform/Developer/SDKs/iPhoneOS12.1.sdk -Wl,-search_paths_first -Wl,-headerpad_max_install_names   CMakeFiles/cmTC_c1599.dir/src.cxx.o  -o cmTC_c1599 

Source file was:

#include <cstddef>
using X = max_align_t;
int main() {
  return 0;
}

Performing C++ SOURCE FILE Test FRUIT_HAS_STD_IS_TRIVIALLY_COPYABLE succeeded with the following output:
Change Dir: /Users/abilican/Documents/projects/perso/elastos/react-native-elastos-wallet-core/Elastos.ELA.SPV.Cpp/cmake-build-ios/CMakeFiles/CMakeTmp

Run Build Command:"/Applications/Xcode.app/Contents/Developer/usr/bin/make" "cmTC_3534a/fast"
/Applications/Xcode.app/Contents/Developer/usr/bin/make -f CMakeFiles/cmTC_3534a.dir/build.make CMakeFiles/cmTC_3534a.dir/build
Building CXX object CMakeFiles/cmTC_3534a.dir/src.cxx.o
/Applications/Xcode.app/Contents/Developer/Toolchains/XcodeDefault.xctoolchain/usr/bin/clang++    -miphoneos-version-min=10.0 -fvisibility=hidden -fvisibility-inlines-hidden -fobjc-abi-version=2 -fobjc-arc  -DFRUIT_HAS_STD_IS_TRIVIALLY_COPYABLE -miphoneos-version-min=10.0 -fvisibility=hidden -fvisibility-inlines-hidden -fobjc-abi-version=2 -fobjc-arc  -O3 -DNDEBUG  -std=c++11 -W -Wall -Wno-unknown-warning-option -Wno-missing-braces -arch armv7 -arch arm64 -isysroot /Applications/Xcode.app/Contents/Developer/Platforms/iPhoneOS.platform/Developer/SDKs/iPhoneOS12.1.sdk   -o CMakeFiles/cmTC_3534a.dir/src.cxx.o -c /Users/abilican/Documents/projects/perso/elastos/react-native-elastos-wallet-core/Elastos.ELA.SPV.Cpp/cmake-build-ios/CMakeFiles/CMakeTmp/src.cxx
Linking CXX executable cmTC_3534a
/usr/local/Cellar/cmake/3.10.1/bin/cmake -E cmake_link_script CMakeFiles/cmTC_3534a.dir/link.txt --verbose=1
/Applications/Xcode.app/Contents/Developer/Toolchains/XcodeDefault.xctoolchain/usr/bin/clang++  -miphoneos-version-min=10.0 -fvisibility=hidden -fvisibility-inlines-hidden -fobjc-abi-version=2 -fobjc-arc  -DFRUIT_HAS_STD_IS_TRIVIALLY_COPYABLE -miphoneos-version-min=10.0 -fvisibility=hidden -fvisibility-inlines-hidden -fobjc-abi-version=2 -fobjc-arc  -O3 -DNDEBUG  -std=c++11 -W -Wall -Wno-unknown-warning-option -Wno-missing-braces -arch armv7 -arch arm64 -isysroot /Applications/Xcode.app/Contents/Developer/Platforms/iPhoneOS.platform/Developer/SDKs/iPhoneOS12.1.sdk -Wl,-search_paths_first -Wl,-headerpad_max_install_names   CMakeFiles/cmTC_3534a.dir/src.cxx.o  -o cmTC_3534a 

Source file was:

#include <type_traits>
int main() {
  bool b = std::is_trivially_copyable<int>::value;
  (void) b;
  return 0;
}

Performing C++ SOURCE FILE Test FRUIT_HAS_STD_IS_TRIVIALLY_COPY_CONSTRUCTIBLE succeeded with the following output:
Change Dir: /Users/abilican/Documents/projects/perso/elastos/react-native-elastos-wallet-core/Elastos.ELA.SPV.Cpp/cmake-build-ios/CMakeFiles/CMakeTmp

Run Build Command:"/Applications/Xcode.app/Contents/Developer/usr/bin/make" "cmTC_436b5/fast"
/Applications/Xcode.app/Contents/Developer/usr/bin/make -f CMakeFiles/cmTC_436b5.dir/build.make CMakeFiles/cmTC_436b5.dir/build
Building CXX object CMakeFiles/cmTC_436b5.dir/src.cxx.o
/Applications/Xcode.app/Contents/Developer/Toolchains/XcodeDefault.xctoolchain/usr/bin/clang++    -miphoneos-version-min=10.0 -fvisibility=hidden -fvisibility-inlines-hidden -fobjc-abi-version=2 -fobjc-arc  -DFRUIT_HAS_STD_IS_TRIVIALLY_COPY_CONSTRUCTIBLE -miphoneos-version-min=10.0 -fvisibility=hidden -fvisibility-inlines-hidden -fobjc-abi-version=2 -fobjc-arc  -O3 -DNDEBUG  -std=c++11 -W -Wall -Wno-unknown-warning-option -Wno-missing-braces -arch armv7 -arch arm64 -isysroot /Applications/Xcode.app/Contents/Developer/Platforms/iPhoneOS.platform/Developer/SDKs/iPhoneOS12.1.sdk   -o CMakeFiles/cmTC_436b5.dir/src.cxx.o -c /Users/abilican/Documents/projects/perso/elastos/react-native-elastos-wallet-core/Elastos.ELA.SPV.Cpp/cmake-build-ios/CMakeFiles/CMakeTmp/src.cxx
Linking CXX executable cmTC_436b5
/usr/local/Cellar/cmake/3.10.1/bin/cmake -E cmake_link_script CMakeFiles/cmTC_436b5.dir/link.txt --verbose=1
/Applications/Xcode.app/Contents/Developer/Toolchains/XcodeDefault.xctoolchain/usr/bin/clang++  -miphoneos-version-min=10.0 -fvisibility=hidden -fvisibility-inlines-hidden -fobjc-abi-version=2 -fobjc-arc  -DFRUIT_HAS_STD_IS_TRIVIALLY_COPY_CONSTRUCTIBLE -miphoneos-version-min=10.0 -fvisibility=hidden -fvisibility-inlines-hidden -fobjc-abi-version=2 -fobjc-arc  -O3 -DNDEBUG  -std=c++11 -W -Wall -Wno-unknown-warning-option -Wno-missing-braces -arch armv7 -arch arm64 -isysroot /Applications/Xcode.app/Contents/Developer/Platforms/iPhoneOS.platform/Developer/SDKs/iPhoneOS12.1.sdk -Wl,-search_paths_first -Wl,-headerpad_max_install_names   CMakeFiles/cmTC_436b5.dir/src.cxx.o  -o cmTC_436b5 

Source file was:

#include <type_traits>
int main() {
  bool b = std::is_trivially_copy_constructible<int>::value;
  (void) b;
  return 0;
}

Performing C++ SOURCE FILE Test FRUIT_HAS_STD_MAX_ALIGN_T succeeded with the following output:
Change Dir: /Users/abilican/Documents/projects/perso/elastos/react-native-elastos-wallet-core/Elastos.ELA.SPV.Cpp/cmake-build-ios/CMakeFiles/CMakeTmp

Run Build Command:"/Applications/Xcode.app/Contents/Developer/usr/bin/make" "cmTC_59107/fast"
/Applications/Xcode.app/Contents/Developer/usr/bin/make -f CMakeFiles/cmTC_59107.dir/build.make CMakeFiles/cmTC_59107.dir/build
Building CXX object CMakeFiles/cmTC_59107.dir/src.cxx.o
/Applications/Xcode.app/Contents/Developer/Toolchains/XcodeDefault.xctoolchain/usr/bin/clang++    -miphoneos-version-min=10.0 -fvisibility=hidden -fvisibility-inlines-hidden -fobjc-abi-version=2 -fobjc-arc  -DFRUIT_HAS_STD_MAX_ALIGN_T -miphoneos-version-min=10.0 -fvisibility=hidden -fvisibility-inlines-hidden -fobjc-abi-version=2 -fobjc-arc  -O3 -DNDEBUG  -std=c++11 -W -Wall -Wno-unknown-warning-option -Wno-missing-braces -arch armv7 -arch arm64 -isysroot /Applications/Xcode.app/Contents/Developer/Platforms/iPhoneOS.platform/Developer/SDKs/iPhoneOS12.1.sdk   -o CMakeFiles/cmTC_59107.dir/src.cxx.o -c /Users/abilican/Documents/projects/perso/elastos/react-native-elastos-wallet-core/Elastos.ELA.SPV.Cpp/cmake-build-ios/CMakeFiles/CMakeTmp/src.cxx
Linking CXX executable cmTC_59107
/usr/local/Cellar/cmake/3.10.1/bin/cmake -E cmake_link_script CMakeFiles/cmTC_59107.dir/link.txt --verbose=1
/Applications/Xcode.app/Contents/Developer/Toolchains/XcodeDefault.xctoolchain/usr/bin/clang++  -miphoneos-version-min=10.0 -fvisibility=hidden -fvisibility-inlines-hidden -fobjc-abi-version=2 -fobjc-arc  -DFRUIT_HAS_STD_MAX_ALIGN_T -miphoneos-version-min=10.0 -fvisibility=hidden -fvisibility-inlines-hidden -fobjc-abi-version=2 -fobjc-arc  -O3 -DNDEBUG  -std=c++11 -W -Wall -Wno-unknown-warning-option -Wno-missing-braces -arch armv7 -arch arm64 -isysroot /Applications/Xcode.app/Contents/Developer/Platforms/iPhoneOS.platform/Developer/SDKs/iPhoneOS12.1.sdk -Wl,-search_paths_first -Wl,-headerpad_max_install_names   CMakeFiles/cmTC_59107.dir/src.cxx.o  -o cmTC_59107 

Source file was:

#include <cstddef>
using X = std::max_align_t;
int main() {
  return 0;
}

Performing C++ SOURCE FILE Test FRUIT_HAS_TYPEID succeeded with the following output:
Change Dir: /Users/abilican/Documents/projects/perso/elastos/react-native-elastos-wallet-core/Elastos.ELA.SPV.Cpp/cmake-build-ios/CMakeFiles/CMakeTmp

Run Build Command:"/Applications/Xcode.app/Contents/Developer/usr/bin/make" "cmTC_206e7/fast"
/Applications/Xcode.app/Contents/Developer/usr/bin/make -f CMakeFiles/cmTC_206e7.dir/build.make CMakeFiles/cmTC_206e7.dir/build
Building CXX object CMakeFiles/cmTC_206e7.dir/src.cxx.o
/Applications/Xcode.app/Contents/Developer/Toolchains/XcodeDefault.xctoolchain/usr/bin/clang++    -miphoneos-version-min=10.0 -fvisibility=hidden -fvisibility-inlines-hidden -fobjc-abi-version=2 -fobjc-arc  -DFRUIT_HAS_TYPEID -miphoneos-version-min=10.0 -fvisibility=hidden -fvisibility-inlines-hidden -fobjc-abi-version=2 -fobjc-arc  -O3 -DNDEBUG  -std=c++11 -W -Wall -Wno-unknown-warning-option -Wno-missing-braces -arch armv7 -arch arm64 -isysroot /Applications/Xcode.app/Contents/Developer/Platforms/iPhoneOS.platform/Developer/SDKs/iPhoneOS12.1.sdk   -o CMakeFiles/cmTC_206e7.dir/src.cxx.o -c /Users/abilican/Documents/projects/perso/elastos/react-native-elastos-wallet-core/Elastos.ELA.SPV.Cpp/cmake-build-ios/CMakeFiles/CMakeTmp/src.cxx
Linking CXX executable cmTC_206e7
/usr/local/Cellar/cmake/3.10.1/bin/cmake -E cmake_link_script CMakeFiles/cmTC_206e7.dir/link.txt --verbose=1
/Applications/Xcode.app/Contents/Developer/Toolchains/XcodeDefault.xctoolchain/usr/bin/clang++  -miphoneos-version-min=10.0 -fvisibility=hidden -fvisibility-inlines-hidden -fobjc-abi-version=2 -fobjc-arc  -DFRUIT_HAS_TYPEID -miphoneos-version-min=10.0 -fvisibility=hidden -fvisibility-inlines-hidden -fobjc-abi-version=2 -fobjc-arc  -O3 -DNDEBUG  -std=c++11 -W -Wall -Wno-unknown-warning-option -Wno-missing-braces -arch armv7 -arch arm64 -isysroot /Applications/Xcode.app/Contents/Developer/Platforms/iPhoneOS.platform/Developer/SDKs/iPhoneOS12.1.sdk -Wl,-search_paths_first -Wl,-headerpad_max_install_names   CMakeFiles/cmTC_206e7.dir/src.cxx.o  -o cmTC_206e7 

Source file was:

#include <typeinfo>
int main() {
  (void) typeid(int);
  return 0;
}

Performing C++ SOURCE FILE Test FRUIT_HAS_CONSTEXPR_TYPEID succeeded with the following output:
Change Dir: /Users/abilican/Documents/projects/perso/elastos/react-native-elastos-wallet-core/Elastos.ELA.SPV.Cpp/cmake-build-ios/CMakeFiles/CMakeTmp

Run Build Command:"/Applications/Xcode.app/Contents/Developer/usr/bin/make" "cmTC_8ec8d/fast"
/Applications/Xcode.app/Contents/Developer/usr/bin/make -f CMakeFiles/cmTC_8ec8d.dir/build.make CMakeFiles/cmTC_8ec8d.dir/build
Building CXX object CMakeFiles/cmTC_8ec8d.dir/src.cxx.o
/Applications/Xcode.app/Contents/Developer/Toolchains/XcodeDefault.xctoolchain/usr/bin/clang++    -miphoneos-version-min=10.0 -fvisibility=hidden -fvisibility-inlines-hidden -fobjc-abi-version=2 -fobjc-arc  -DFRUIT_HAS_CONSTEXPR_TYPEID -miphoneos-version-min=10.0 -fvisibility=hidden -fvisibility-inlines-hidden -fobjc-abi-version=2 -fobjc-arc  -O3 -DNDEBUG  -std=c++11 -W -Wall -Wno-unknown-warning-option -Wno-missing-braces -arch armv7 -arch arm64 -isysroot /Applications/Xcode.app/Contents/Developer/Platforms/iPhoneOS.platform/Developer/SDKs/iPhoneOS12.1.sdk   -o CMakeFiles/cmTC_8ec8d.dir/src.cxx.o -c /Users/abilican/Documents/projects/perso/elastos/react-native-elastos-wallet-core/Elastos.ELA.SPV.Cpp/cmake-build-ios/CMakeFiles/CMakeTmp/src.cxx
Linking CXX executable cmTC_8ec8d
/usr/local/Cellar/cmake/3.10.1/bin/cmake -E cmake_link_script CMakeFiles/cmTC_8ec8d.dir/link.txt --verbose=1
/Applications/Xcode.app/Contents/Developer/Toolchains/XcodeDefault.xctoolchain/usr/bin/clang++  -miphoneos-version-min=10.0 -fvisibility=hidden -fvisibility-inlines-hidden -fobjc-abi-version=2 -fobjc-arc  -DFRUIT_HAS_CONSTEXPR_TYPEID -miphoneos-version-min=10.0 -fvisibility=hidden -fvisibility-inlines-hidden -fobjc-abi-version=2 -fobjc-arc  -O3 -DNDEBUG  -std=c++11 -W -Wall -Wno-unknown-warning-option -Wno-missing-braces -arch armv7 -arch arm64 -isysroot /Applications/Xcode.app/Contents/Developer/Platforms/iPhoneOS.platform/Developer/SDKs/iPhoneOS12.1.sdk -Wl,-search_paths_first -Wl,-headerpad_max_install_names   CMakeFiles/cmTC_8ec8d.dir/src.cxx.o  -o cmTC_8ec8d 

Source file was:

#include <typeinfo>
int main() {
  constexpr static const std::type_info& x = typeid(int);
  (void) x;
  return 0;
}

Performing C++ SOURCE FILE Test FRUIT_HAS_CXA_DEMANGLE succeeded with the following output:
Change Dir: /Users/abilican/Documents/projects/perso/elastos/react-native-elastos-wallet-core/Elastos.ELA.SPV.Cpp/cmake-build-ios/CMakeFiles/CMakeTmp

Run Build Command:"/Applications/Xcode.app/Contents/Developer/usr/bin/make" "cmTC_4f339/fast"
/Applications/Xcode.app/Contents/Developer/usr/bin/make -f CMakeFiles/cmTC_4f339.dir/build.make CMakeFiles/cmTC_4f339.dir/build
Building CXX object CMakeFiles/cmTC_4f339.dir/src.cxx.o
/Applications/Xcode.app/Contents/Developer/Toolchains/XcodeDefault.xctoolchain/usr/bin/clang++    -miphoneos-version-min=10.0 -fvisibility=hidden -fvisibility-inlines-hidden -fobjc-abi-version=2 -fobjc-arc  -DFRUIT_HAS_CXA_DEMANGLE -miphoneos-version-min=10.0 -fvisibility=hidden -fvisibility-inlines-hidden -fobjc-abi-version=2 -fobjc-arc  -O3 -DNDEBUG  -std=c++11 -W -Wall -Wno-unknown-warning-option -Wno-missing-braces -arch armv7 -arch arm64 -isysroot /Applications/Xcode.app/Contents/Developer/Platforms/iPhoneOS.platform/Developer/SDKs/iPhoneOS12.1.sdk   -o CMakeFiles/cmTC_4f339.dir/src.cxx.o -c /Users/abilican/Documents/projects/perso/elastos/react-native-elastos-wallet-core/Elastos.ELA.SPV.Cpp/cmake-build-ios/CMakeFiles/CMakeTmp/src.cxx
Linking CXX executable cmTC_4f339
/usr/local/Cellar/cmake/3.10.1/bin/cmake -E cmake_link_script CMakeFiles/cmTC_4f339.dir/link.txt --verbose=1
/Applications/Xcode.app/Contents/Developer/Toolchains/XcodeDefault.xctoolchain/usr/bin/clang++  -miphoneos-version-min=10.0 -fvisibility=hidden -fvisibility-inlines-hidden -fobjc-abi-version=2 -fobjc-arc  -DFRUIT_HAS_CXA_DEMANGLE -miphoneos-version-min=10.0 -fvisibility=hidden -fvisibility-inlines-hidden -fobjc-abi-version=2 -fobjc-arc  -O3 -DNDEBUG  -std=c++11 -W -Wall -Wno-unknown-warning-option -Wno-missing-braces -arch armv7 -arch arm64 -isysroot /Applications/Xcode.app/Contents/Developer/Platforms/iPhoneOS.platform/Developer/SDKs/iPhoneOS12.1.sdk -Wl,-search_paths_first -Wl,-headerpad_max_install_names   CMakeFiles/cmTC_4f339.dir/src.cxx.o  -o cmTC_4f339 

Source file was:

#include <cxxabi.h>
int main() {
  auto* p = abi::__cxa_demangle;
  (void) p;
  return 0;
}

Performing C++ SOURCE FILE Test FRUIT_HAS_ALWAYS_INLINE_ATTRIBUTE succeeded with the following output:
Change Dir: /Users/abilican/Documents/projects/perso/elastos/react-native-elastos-wallet-core/Elastos.ELA.SPV.Cpp/cmake-build-ios/CMakeFiles/CMakeTmp

Run Build Command:"/Applications/Xcode.app/Contents/Developer/usr/bin/make" "cmTC_8a7a2/fast"
/Applications/Xcode.app/Contents/Developer/usr/bin/make -f CMakeFiles/cmTC_8a7a2.dir/build.make CMakeFiles/cmTC_8a7a2.dir/build
Building CXX object CMakeFiles/cmTC_8a7a2.dir/src.cxx.o
/Applications/Xcode.app/Contents/Developer/Toolchains/XcodeDefault.xctoolchain/usr/bin/clang++    -miphoneos-version-min=10.0 -fvisibility=hidden -fvisibility-inlines-hidden -fobjc-abi-version=2 -fobjc-arc  -DFRUIT_HAS_ALWAYS_INLINE_ATTRIBUTE -miphoneos-version-min=10.0 -fvisibility=hidden -fvisibility-inlines-hidden -fobjc-abi-version=2 -fobjc-arc  -O3 -DNDEBUG  -std=c++11 -W -Wall -Wno-unknown-warning-option -Wno-missing-braces -arch armv7 -arch arm64 -isysroot /Applications/Xcode.app/Contents/Developer/Platforms/iPhoneOS.platform/Developer/SDKs/iPhoneOS12.1.sdk   -o CMakeFiles/cmTC_8a7a2.dir/src.cxx.o -c /Users/abilican/Documents/projects/perso/elastos/react-native-elastos-wallet-core/Elastos.ELA.SPV.Cpp/cmake-build-ios/CMakeFiles/CMakeTmp/src.cxx
Linking CXX executable cmTC_8a7a2
/usr/local/Cellar/cmake/3.10.1/bin/cmake -E cmake_link_script CMakeFiles/cmTC_8a7a2.dir/link.txt --verbose=1
/Applications/Xcode.app/Contents/Developer/Toolchains/XcodeDefault.xctoolchain/usr/bin/clang++  -miphoneos-version-min=10.0 -fvisibility=hidden -fvisibility-inlines-hidden -fobjc-abi-version=2 -fobjc-arc  -DFRUIT_HAS_ALWAYS_INLINE_ATTRIBUTE -miphoneos-version-min=10.0 -fvisibility=hidden -fvisibility-inlines-hidden -fobjc-abi-version=2 -fobjc-arc  -O3 -DNDEBUG  -std=c++11 -W -Wall -Wno-unknown-warning-option -Wno-missing-braces -arch armv7 -arch arm64 -isysroot /Applications/Xcode.app/Contents/Developer/Platforms/iPhoneOS.platform/Developer/SDKs/iPhoneOS12.1.sdk -Wl,-search_paths_first -Wl,-headerpad_max_install_names   CMakeFiles/cmTC_8a7a2.dir/src.cxx.o  -o cmTC_8a7a2 

Source file was:

__attribute__((always_inline))
void f() {
}

int main() {
  return 0;
}

Performing C++ SOURCE FILE Test FRUIT_HAS_ATTRIBUTE_DEPRECATED succeeded with the following output:
Change Dir: /Users/abilican/Documents/projects/perso/elastos/react-native-elastos-wallet-core/Elastos.ELA.SPV.Cpp/cmake-build-ios/CMakeFiles/CMakeTmp

Run Build Command:"/Applications/Xcode.app/Contents/Developer/usr/bin/make" "cmTC_f3e9b/fast"
/Applications/Xcode.app/Contents/Developer/usr/bin/make -f CMakeFiles/cmTC_f3e9b.dir/build.make CMakeFiles/cmTC_f3e9b.dir/build
Building CXX object CMakeFiles/cmTC_f3e9b.dir/src.cxx.o
/Applications/Xcode.app/Contents/Developer/Toolchains/XcodeDefault.xctoolchain/usr/bin/clang++    -miphoneos-version-min=10.0 -fvisibility=hidden -fvisibility-inlines-hidden -fobjc-abi-version=2 -fobjc-arc  -DFRUIT_HAS_ATTRIBUTE_DEPRECATED -miphoneos-version-min=10.0 -fvisibility=hidden -fvisibility-inlines-hidden -fobjc-abi-version=2 -fobjc-arc  -O3 -DNDEBUG  -std=c++11 -W -Wall -Wno-unknown-warning-option -Wno-missing-braces -arch armv7 -arch arm64 -isysroot /Applications/Xcode.app/Contents/Developer/Platforms/iPhoneOS.platform/Developer/SDKs/iPhoneOS12.1.sdk   -o CMakeFiles/cmTC_f3e9b.dir/src.cxx.o -c /Users/abilican/Documents/projects/perso/elastos/react-native-elastos-wallet-core/Elastos.ELA.SPV.Cpp/cmake-build-ios/CMakeFiles/CMakeTmp/src.cxx
Linking CXX executable cmTC_f3e9b
/usr/local/Cellar/cmake/3.10.1/bin/cmake -E cmake_link_script CMakeFiles/cmTC_f3e9b.dir/link.txt --verbose=1
/Applications/Xcode.app/Contents/Developer/Toolchains/XcodeDefault.xctoolchain/usr/bin/clang++  -miphoneos-version-min=10.0 -fvisibility=hidden -fvisibility-inlines-hidden -fobjc-abi-version=2 -fobjc-arc  -DFRUIT_HAS_ATTRIBUTE_DEPRECATED -miphoneos-version-min=10.0 -fvisibility=hidden -fvisibility-inlines-hidden -fobjc-abi-version=2 -fobjc-arc  -O3 -DNDEBUG  -std=c++11 -W -Wall -Wno-unknown-warning-option -Wno-missing-braces -arch armv7 -arch arm64 -isysroot /Applications/Xcode.app/Contents/Developer/Platforms/iPhoneOS.platform/Developer/SDKs/iPhoneOS12.1.sdk -Wl,-search_paths_first -Wl,-headerpad_max_install_names   CMakeFiles/cmTC_f3e9b.dir/src.cxx.o  -o cmTC_f3e9b 

Source file was:

[[deprecated]] void f();

int main() {
  return 0;
}

Performing C++ SOURCE FILE Test FRUIT_HAS_GCC_ATTRIBUTE_DEPRECATED succeeded with the following output:
Change Dir: /Users/abilican/Documents/projects/perso/elastos/react-native-elastos-wallet-core/Elastos.ELA.SPV.Cpp/cmake-build-ios/CMakeFiles/CMakeTmp

Run Build Command:"/Applications/Xcode.app/Contents/Developer/usr/bin/make" "cmTC_fbfdf/fast"
/Applications/Xcode.app/Contents/Developer/usr/bin/make -f CMakeFiles/cmTC_fbfdf.dir/build.make CMakeFiles/cmTC_fbfdf.dir/build
Building CXX object CMakeFiles/cmTC_fbfdf.dir/src.cxx.o
/Applications/Xcode.app/Contents/Developer/Toolchains/XcodeDefault.xctoolchain/usr/bin/clang++    -miphoneos-version-min=10.0 -fvisibility=hidden -fvisibility-inlines-hidden -fobjc-abi-version=2 -fobjc-arc  -DFRUIT_HAS_GCC_ATTRIBUTE_DEPRECATED -miphoneos-version-min=10.0 -fvisibility=hidden -fvisibility-inlines-hidden -fobjc-abi-version=2 -fobjc-arc  -O3 -DNDEBUG  -std=c++11 -W -Wall -Wno-unknown-warning-option -Wno-missing-braces -arch armv7 -arch arm64 -isysroot /Applications/Xcode.app/Contents/Developer/Platforms/iPhoneOS.platform/Developer/SDKs/iPhoneOS12.1.sdk   -o CMakeFiles/cmTC_fbfdf.dir/src.cxx.o -c /Users/abilican/Documents/projects/perso/elastos/react-native-elastos-wallet-core/Elastos.ELA.SPV.Cpp/cmake-build-ios/CMakeFiles/CMakeTmp/src.cxx
Linking CXX executable cmTC_fbfdf
/usr/local/Cellar/cmake/3.10.1/bin/cmake -E cmake_link_script CMakeFiles/cmTC_fbfdf.dir/link.txt --verbose=1
/Applications/Xcode.app/Contents/Developer/Toolchains/XcodeDefault.xctoolchain/usr/bin/clang++  -miphoneos-version-min=10.0 -fvisibility=hidden -fvisibility-inlines-hidden -fobjc-abi-version=2 -fobjc-arc  -DFRUIT_HAS_GCC_ATTRIBUTE_DEPRECATED -miphoneos-version-min=10.0 -fvisibility=hidden -fvisibility-inlines-hidden -fobjc-abi-version=2 -fobjc-arc  -O3 -DNDEBUG  -std=c++11 -W -Wall -Wno-unknown-warning-option -Wno-missing-braces -arch armv7 -arch arm64 -isysroot /Applications/Xcode.app/Contents/Developer/Platforms/iPhoneOS.platform/Developer/SDKs/iPhoneOS12.1.sdk -Wl,-search_paths_first -Wl,-headerpad_max_install_names   CMakeFiles/cmTC_fbfdf.dir/src.cxx.o  -o cmTC_fbfdf 

Source file was:

void f() __attribute__((deprecated));

int main() {
  return 0;
}

Performing C++ SOURCE FILE Test FRUIT_HAS_BUILTIN_UNREACHABLE succeeded with the following output:
Change Dir: /Users/abilican/Documents/projects/perso/elastos/react-native-elastos-wallet-core/Elastos.ELA.SPV.Cpp/cmake-build-ios/CMakeFiles/CMakeTmp

Run Build Command:"/Applications/Xcode.app/Contents/Developer/usr/bin/make" "cmTC_cf45b/fast"
/Applications/Xcode.app/Contents/Developer/usr/bin/make -f CMakeFiles/cmTC_cf45b.dir/build.make CMakeFiles/cmTC_cf45b.dir/build
Building CXX object CMakeFiles/cmTC_cf45b.dir/src.cxx.o
/Applications/Xcode.app/Contents/Developer/Toolchains/XcodeDefault.xctoolchain/usr/bin/clang++    -miphoneos-version-min=10.0 -fvisibility=hidden -fvisibility-inlines-hidden -fobjc-abi-version=2 -fobjc-arc  -DFRUIT_HAS_BUILTIN_UNREACHABLE -miphoneos-version-min=10.0 -fvisibility=hidden -fvisibility-inlines-hidden -fobjc-abi-version=2 -fobjc-arc  -O3 -DNDEBUG  -std=c++11 -W -Wall -Wno-unknown-warning-option -Wno-missing-braces -arch armv7 -arch arm64 -isysroot /Applications/Xcode.app/Contents/Developer/Platforms/iPhoneOS.platform/Developer/SDKs/iPhoneOS12.1.sdk   -o CMakeFiles/cmTC_cf45b.dir/src.cxx.o -c /Users/abilican/Documents/projects/perso/elastos/react-native-elastos-wallet-core/Elastos.ELA.SPV.Cpp/cmake-build-ios/CMakeFiles/CMakeTmp/src.cxx
Linking CXX executable cmTC_cf45b
/usr/local/Cellar/cmake/3.10.1/bin/cmake -E cmake_link_script CMakeFiles/cmTC_cf45b.dir/link.txt --verbose=1
/Applications/Xcode.app/Contents/Developer/Toolchains/XcodeDefault.xctoolchain/usr/bin/clang++  -miphoneos-version-min=10.0 -fvisibility=hidden -fvisibility-inlines-hidden -fobjc-abi-version=2 -fobjc-arc  -DFRUIT_HAS_BUILTIN_UNREACHABLE -miphoneos-version-min=10.0 -fvisibility=hidden -fvisibility-inlines-hidden -fobjc-abi-version=2 -fobjc-arc  -O3 -DNDEBUG  -std=c++11 -W -Wall -Wno-unknown-warning-option -Wno-missing-braces -arch armv7 -arch arm64 -isysroot /Applications/Xcode.app/Contents/Developer/Platforms/iPhoneOS.platform/Developer/SDKs/iPhoneOS12.1.sdk -Wl,-search_paths_first -Wl,-headerpad_max_install_names   CMakeFiles/cmTC_cf45b.dir/src.cxx.o  -o cmTC_cf45b 

Source file was:

int f() {
  static int x = 1;
  if (x == 1) {
    return 0;
  } else {
    __builtin_unreachable();
    // Note: the lack of return here is intentional
  }
}

int main() {
  return f();
}

